Line 39: Class Jasa_Parkir.jcbutton of control cmdSimpanCetak was not a loaded control class.
Line 68: Class Jasa_Parkir.jcbutton of control cmdKeluar was not a loaded control class.
Line 116: Class Jasa_Parkir.YudhaFrame of control YudhaFrame1 was not a loaded control class.
Line 605: Class MSAdodcLib.Adodc of control adotarif was not a loaded control class.
Line 676: Class MSAdodcLib.Adodc of control adoparkir was not a loaded control class.
Line 45: The property name _ExtentX in cmdSimpanCetak is invalid.
Line 46: The property name _ExtentY in cmdSimpanCetak is invalid.
Line 47: The property name ButtonStyle in cmdSimpanCetak is invalid.
Line 58: The property name Caption in cmdSimpanCetak is invalid.
Line 59: The property name PictureEffectOnOver in cmdSimpanCetak is invalid.
Line 60: The property name PictureEffectOnDown in cmdSimpanCetak is invalid.
Line 61: The property name CaptionEffects in cmdSimpanCetak is invalid.
Line 62: The property name ToolTip in cmdSimpanCetak is invalid.
Line 63: The property name TooltipType in cmdSimpanCetak is invalid.
Line 64: The property name TooltipTitle in cmdSimpanCetak is invalid.
Line 65: The property name TooltipBackColor in cmdSimpanCetak is invalid.
Line 66: The property name ColorScheme in cmdSimpanCetak is invalid.
Line 74: The property name _ExtentX in cmdKeluar is invalid.
Line 75: The property name _ExtentY in cmdKeluar is invalid.
Line 76: The property name ButtonStyle in cmdKeluar is invalid.
Line 87: The property name Caption in cmdKeluar is invalid.
Line 88: The property name PictureEffectOnOver in cmdKeluar is invalid.
Line 89: The property name PictureEffectOnDown in cmdKeluar is invalid.
Line 90: The property name CaptionEffects in cmdKeluar is invalid.
Line 91: The property name ToolTip in cmdKeluar is invalid.
Line 92: The property name TooltipType in cmdKeluar is invalid.
Line 93: The property name TooltipTitle in cmdKeluar is invalid.
Line 94: The property name TooltipBackColor in cmdKeluar is invalid.
Line 95: The property name ColorScheme in cmdKeluar is invalid.
Line 122: The property name _ExtentX in YudhaFrame1 is invalid.
Line 123: The property name _ExtentY in YudhaFrame1 is invalid.
Line 124: The property name Orientation in YudhaFrame1 is invalid.
Line 126: The property name ColorGradient1 in YudhaFrame1 is invalid.
Line 127: The property name ColorGradient2 in YudhaFrame1 is invalid.
Line 128: The property name BorderColor in YudhaFrame1 is invalid.
Line 129: The property name ShowIcon in YudhaFrame1 is invalid.
Line 130: The property name Caption in YudhaFrame1 is invalid.
Line 131: The property name Icon in YudhaFrame1 is invalid.
Line 611: The property name _ExtentX in adotarif is invalid.
Line 612: The property name _ExtentY in adotarif is invalid.
Line 613: The property name ConnectMode in adotarif is invalid.
Line 614: The property name CursorLocation in adotarif is invalid.
Line 615: The property name IsolationLevel in adotarif is invalid.
Line 616: The property name ConnectionTimeout in adotarif is invalid.
Line 617: The property name CommandTimeout in adotarif is invalid.
Line 618: The property name CursorType in adotarif is invalid.
Line 619: The property name LockType in adotarif is invalid.
Line 620: The property name CommandType in adotarif is invalid.
Line 621: The property name CursorOptions in adotarif is invalid.
Line 622: The property name CacheSize in adotarif is invalid.
Line 623: The property name MaxRecords in adotarif is invalid.
Line 624: The property name BOFAction in adotarif is invalid.
Line 625: The property name EOFAction in adotarif is invalid.
Line 626: The property name ConnectStringType in adotarif is invalid.
Line 630: The property name Orientation in adotarif is invalid.
Line 632: The property name Connect in adotarif is invalid.
Line 633: The property name OLEDBString in adotarif is invalid.
Line 634: The property name OLEDBFile in adotarif is invalid.
Line 635: The property name DataSourceName in adotarif is invalid.
Line 636: The property name OtherAttributes in adotarif is invalid.
Line 637: The property name UserName in adotarif is invalid.
Line 638: The property name Password in adotarif is invalid.
Line 639: The property name RecordSource in adotarif is invalid.
Line 640: The property name Caption in adotarif is invalid.
Line 650: The property name _Version in adotarif is invalid.
Line 682: The property name _ExtentX in adoparkir is invalid.
Line 683: The property name _ExtentY in adoparkir is invalid.
Line 684: The property name ConnectMode in adoparkir is invalid.
Line 685: The property name CursorLocation in adoparkir is invalid.
Line 686: The property name IsolationLevel in adoparkir is invalid.
Line 687: The property name ConnectionTimeout in adoparkir is invalid.
Line 688: The property name CommandTimeout in adoparkir is invalid.
Line 689: The property name CursorType in adoparkir is invalid.
Line 690: The property name LockType in adoparkir is invalid.
Line 691: The property name CommandType in adoparkir is invalid.
Line 692: The property name CursorOptions in adoparkir is invalid.
Line 693: The property name CacheSize in adoparkir is invalid.
Line 694: The property name MaxRecords in adoparkir is invalid.
Line 695: The property name BOFAction in adoparkir is invalid.
Line 696: The property name EOFAction in adoparkir is invalid.
Line 697: The property name ConnectStringType in adoparkir is invalid.
Line 701: The property name Orientation in adoparkir is invalid.
Line 703: The property name Connect in adoparkir is invalid.
Line 704: The property name OLEDBString in adoparkir is invalid.
Line 705: The property name OLEDBFile in adoparkir is invalid.
Line 706: The property name DataSourceName in adoparkir is invalid.
Line 707: The property name OtherAttributes in adoparkir is invalid.
Line 708: The property name UserName in adoparkir is invalid.
Line 709: The property name Password in adoparkir is invalid.
Line 710: The property name RecordSource in adoparkir is invalid.
Line 711: The property name Caption in adoparkir is invalid.
Line 721: The property name _Version in adoparkir is invalid.
