Line 23: Class Jasa_Parkir.jcbutton of control cmdSimpan was not a loaded control class.
Line 44: Class Jasa_Parkir.jcbutton of control cmdBatal was not a loaded control class.
Line 65: Class Jasa_Parkir.jcbutton of control cmdTambah was not a loaded control class.
Line 86: Class Jasa_Parkir.jcbutton of control cmdKeluar was not a loaded control class.
Line 107: Class Jasa_Parkir.jcbutton of control cmdedit was not a loaded control class.
Line 129: Class Jasa_Parkir.YudhaFrame of control YudhaFrame1 was not a loaded control class.
Line 344: Class MSAdodcLib.Adodc of control adoparkir was not a loaded control class.
Line 391: Class MSAdodcLib.Adodc of control adokasus was not a loaded control class.
Line 29: The property name _extentx in cmdSimpan is invalid.
Line 30: The property name _extenty in cmdSimpan is invalid.
Line 31: The property name buttonstyle in cmdSimpan is invalid.
Line 34: The property name caption in cmdSimpan is invalid.
Line 35: The property name pictureeffectonover in cmdSimpan is invalid.
Line 36: The property name pictureeffectondown in cmdSimpan is invalid.
Line 37: The property name captioneffects in cmdSimpan is invalid.
Line 38: The property name tooltiptitle in cmdSimpan is invalid.
Line 39: The property name tooltip in cmdSimpan is invalid.
Line 40: The property name tooltiptype in cmdSimpan is invalid.
Line 41: The property name tooltipbackcolor in cmdSimpan is invalid.
Line 42: The property name colorscheme in cmdSimpan is invalid.
Line 23: Property Font in cmdSimpan could not be set.
Line 50: The property name _extentx in cmdBatal is invalid.
Line 51: The property name _extenty in cmdBatal is invalid.
Line 52: The property name buttonstyle in cmdBatal is invalid.
Line 55: The property name caption in cmdBatal is invalid.
Line 56: The property name pictureeffectonover in cmdBatal is invalid.
Line 57: The property name pictureeffectondown in cmdBatal is invalid.
Line 58: The property name captioneffects in cmdBatal is invalid.
Line 59: The property name tooltiptitle in cmdBatal is invalid.
Line 60: The property name tooltip in cmdBatal is invalid.
Line 61: The property name tooltiptype in cmdBatal is invalid.
Line 62: The property name tooltipbackcolor in cmdBatal is invalid.
Line 63: The property name colorscheme in cmdBatal is invalid.
Line 44: Property Font in cmdBatal could not be set.
Line 71: The property name _extentx in cmdTambah is invalid.
Line 72: The property name _extenty in cmdTambah is invalid.
Line 73: The property name buttonstyle in cmdTambah is invalid.
Line 76: The property name caption in cmdTambah is invalid.
Line 77: The property name pictureeffectonover in cmdTambah is invalid.
Line 78: The property name pictureeffectondown in cmdTambah is invalid.
Line 79: The property name captioneffects in cmdTambah is invalid.
Line 80: The property name tooltiptitle in cmdTambah is invalid.
Line 81: The property name tooltip in cmdTambah is invalid.
Line 82: The property name tooltiptype in cmdTambah is invalid.
Line 83: The property name tooltipbackcolor in cmdTambah is invalid.
Line 84: The property name colorscheme in cmdTambah is invalid.
Line 65: Property Font in cmdTambah could not be set.
Line 92: The property name _extentx in cmdKeluar is invalid.
Line 93: The property name _extenty in cmdKeluar is invalid.
Line 94: The property name buttonstyle in cmdKeluar is invalid.
Line 97: The property name caption in cmdKeluar is invalid.
Line 98: The property name pictureeffectonover in cmdKeluar is invalid.
Line 99: The property name pictureeffectondown in cmdKeluar is invalid.
Line 100: The property name captioneffects in cmdKeluar is invalid.
Line 101: The property name tooltiptitle in cmdKeluar is invalid.
Line 102: The property name tooltip in cmdKeluar is invalid.
Line 103: The property name tooltiptype in cmdKeluar is invalid.
Line 104: The property name tooltipbackcolor in cmdKeluar is invalid.
Line 105: The property name colorscheme in cmdKeluar is invalid.
Line 86: Property Font in cmdKeluar could not be set.
Line 113: The property name _extentx in cmdedit is invalid.
Line 114: The property name _extenty in cmdedit is invalid.
Line 115: The property name buttonstyle in cmdedit is invalid.
Line 118: The property name caption in cmdedit is invalid.
Line 119: The property name pictureeffectonover in cmdedit is invalid.
Line 120: The property name pictureeffectondown in cmdedit is invalid.
Line 121: The property name captioneffects in cmdedit is invalid.
Line 122: The property name tooltiptitle in cmdedit is invalid.
Line 123: The property name tooltip in cmdedit is invalid.
Line 124: The property name tooltiptype in cmdedit is invalid.
Line 125: The property name tooltipbackcolor in cmdedit is invalid.
Line 126: The property name colorscheme in cmdedit is invalid.
Line 107: Property Font in cmdedit could not be set.
Line 135: The property name _extentx in YudhaFrame1 is invalid.
Line 136: The property name _extenty in YudhaFrame1 is invalid.
Line 137: The property name orientation in YudhaFrame1 is invalid.
Line 139: The property name colorgradient1 in YudhaFrame1 is invalid.
Line 140: The property name colorgradient2 in YudhaFrame1 is invalid.
Line 141: The property name bordercolor in YudhaFrame1 is invalid.
Line 142: The property name showicon in YudhaFrame1 is invalid.
Line 143: The property name caption in YudhaFrame1 is invalid.
Line 144: The property name icon in YudhaFrame1 is invalid.
Line 129: Property Font in YudhaFrame1 could not be set.
Line 350: The property name _ExtentX in adoparkir is invalid.
Line 351: The property name _ExtentY in adoparkir is invalid.
Line 352: The property name ConnectMode in adoparkir is invalid.
Line 353: The property name CursorLocation in adoparkir is invalid.
Line 354: The property name IsolationLevel in adoparkir is invalid.
Line 355: The property name ConnectionTimeout in adoparkir is invalid.
Line 356: The property name CommandTimeout in adoparkir is invalid.
Line 357: The property name CursorType in adoparkir is invalid.
Line 358: The property name LockType in adoparkir is invalid.
Line 359: The property name CommandType in adoparkir is invalid.
Line 360: The property name CursorOptions in adoparkir is invalid.
Line 361: The property name CacheSize in adoparkir is invalid.
Line 362: The property name MaxRecords in adoparkir is invalid.
Line 363: The property name BOFAction in adoparkir is invalid.
Line 364: The property name EOFAction in adoparkir is invalid.
Line 365: The property name ConnectStringType in adoparkir is invalid.
Line 369: The property name Orientation in adoparkir is invalid.
Line 371: The property name Connect in adoparkir is invalid.
Line 372: The property name OLEDBString in adoparkir is invalid.
Line 373: The property name OLEDBFile in adoparkir is invalid.
Line 374: The property name DataSourceName in adoparkir is invalid.
Line 375: The property name OtherAttributes in adoparkir is invalid.
Line 376: The property name UserName in adoparkir is invalid.
Line 377: The property name Password in adoparkir is invalid.
Line 378: The property name RecordSource in adoparkir is invalid.
Line 379: The property name Caption in adoparkir is invalid.
Line 389: The property name _Version in adoparkir is invalid.
Line 397: The property name _ExtentX in adokasus is invalid.
Line 398: The property name _ExtentY in adokasus is invalid.
Line 399: The property name ConnectMode in adokasus is invalid.
Line 400: The property name CursorLocation in adokasus is invalid.
Line 401: The property name IsolationLevel in adokasus is invalid.
Line 402: The property name ConnectionTimeout in adokasus is invalid.
Line 403: The property name CommandTimeout in adokasus is invalid.
Line 404: The property name CursorType in adokasus is invalid.
Line 405: The property name LockType in adokasus is invalid.
Line 406: The property name CommandType in adokasus is invalid.
Line 407: The property name CursorOptions in adokasus is invalid.
Line 408: The property name CacheSize in adokasus is invalid.
Line 409: The property name MaxRecords in adokasus is invalid.
Line 410: The property name BOFAction in adokasus is invalid.
Line 411: The property name EOFAction in adokasus is invalid.
Line 412: The property name ConnectStringType in adokasus is invalid.
Line 416: The property name Orientation in adokasus is invalid.
Line 418: The property name Connect in adokasus is invalid.
Line 419: The property name OLEDBString in adokasus is invalid.
Line 420: The property name OLEDBFile in adokasus is invalid.
Line 421: The property name DataSourceName in adokasus is invalid.
Line 422: The property name OtherAttributes in adokasus is invalid.
Line 423: The property name UserName in adokasus is invalid.
Line 424: The property name Password in adokasus is invalid.
Line 425: The property name RecordSource in adokasus is invalid.
Line 426: The property name Caption in adokasus is invalid.
Line 436: The property name _Version in adokasus is invalid.
