Line 28: Class MSAdodcLib.Adodc of control adologin was not a loaded control class.
Line 75: Class Jasa_Parkir.YudhaFrame of control YudhaFrame1 was not a loaded control class.
Line 101: Class Jasa_Parkir.jcbutton of control cmdBatal was not a loaded control class.
Line 127: Class Jasa_Parkir.jcbutton of control cmdLogin was not a loaded control class.
Line 34: The property name _ExtentX in adologin is invalid.
Line 35: The property name _ExtentY in adologin is invalid.
Line 36: The property name ConnectMode in adologin is invalid.
Line 37: The property name CursorLocation in adologin is invalid.
Line 38: The property name IsolationLevel in adologin is invalid.
Line 39: The property name ConnectionTimeout in adologin is invalid.
Line 40: The property name CommandTimeout in adologin is invalid.
Line 41: The property name CursorType in adologin is invalid.
Line 42: The property name LockType in adologin is invalid.
Line 43: The property name CommandType in adologin is invalid.
Line 44: The property name CursorOptions in adologin is invalid.
Line 45: The property name CacheSize in adologin is invalid.
Line 46: The property name MaxRecords in adologin is invalid.
Line 47: The property name BOFAction in adologin is invalid.
Line 48: The property name EOFAction in adologin is invalid.
Line 49: The property name ConnectStringType in adologin is invalid.
Line 53: The property name Orientation in adologin is invalid.
Line 55: The property name Connect in adologin is invalid.
Line 56: The property name OLEDBString in adologin is invalid.
Line 57: The property name OLEDBFile in adologin is invalid.
Line 58: The property name DataSourceName in adologin is invalid.
Line 59: The property name OtherAttributes in adologin is invalid.
Line 60: The property name UserName in adologin is invalid.
Line 61: The property name Password in adologin is invalid.
Line 62: The property name RecordSource in adologin is invalid.
Line 63: The property name Caption in adologin is invalid.
Line 73: The property name _Version in adologin is invalid.
Line 81: The property name _ExtentX in YudhaFrame1 is invalid.
Line 82: The property name _ExtentY in YudhaFrame1 is invalid.
Line 83: The property name Orientation in YudhaFrame1 is invalid.
Line 85: The property name ColorGradient1 in YudhaFrame1 is invalid.
Line 86: The property name ColorGradient2 in YudhaFrame1 is invalid.
Line 87: The property name BorderColor in YudhaFrame1 is invalid.
Line 88: The property name ShowIcon in YudhaFrame1 is invalid.
Line 89: The property name Caption in YudhaFrame1 is invalid.
Line 90: The property name Icon in YudhaFrame1 is invalid.
Line 107: The property name _ExtentX in cmdBatal is invalid.
Line 108: The property name _ExtentY in cmdBatal is invalid.
Line 109: The property name ButtonStyle in cmdBatal is invalid.
Line 120: The property name Caption in cmdBatal is invalid.
Line 121: The property name PictureEffectOnOver in cmdBatal is invalid.
Line 122: The property name PictureEffectOnDown in cmdBatal is invalid.
Line 123: The property name CaptionEffects in cmdBatal is invalid.
Line 124: The property name TooltipBackColor in cmdBatal is invalid.
Line 125: The property name ColorScheme in cmdBatal is invalid.
Line 133: The property name _ExtentX in cmdLogin is invalid.
Line 134: The property name _ExtentY in cmdLogin is invalid.
Line 135: The property name ButtonStyle in cmdLogin is invalid.
Line 146: The property name Caption in cmdLogin is invalid.
Line 147: The property name PictureEffectOnOver in cmdLogin is invalid.
Line 148: The property name PictureEffectOnDown in cmdLogin is invalid.
Line 149: The property name CaptionEffects in cmdLogin is invalid.
Line 150: The property name ToolTip in cmdLogin is invalid.
Line 151: The property name TooltipType in cmdLogin is invalid.
Line 152: The property name TooltipTitle in cmdLogin is invalid.
Line 153: The property name TooltipBackColor in cmdLogin is invalid.
Line 154: The property name ColorScheme in cmdLogin is invalid.
